2018-11-05 17:04:24 下午 [Thread: localhost-startStop-1][ Class:org.springframework.web.servlet.DispatcherServlet >> Method: org.springframework.web.servlet.FrameworkServlet.initServletBean(FrameworkServlet.java:484) ]
INFO:FrameworkServlet 'dispatcher': initialization started
2018-11-05 17:04:24 下午 [Thread: localhost-startStop-1][ Class:org.springframework.web.context.support.XmlWebApplicationContext >> Method: org.springframework.context.support.AbstractApplicationContext.prepareRefresh(AbstractApplicationContext.java:510) ]
INFO:Refreshing WebApplicationContext for namespace 'dispatcher-servlet': startup date [Mon Nov 05 17:04:24 CST 2018]; root of context hierarchy
2018-11-05 17:04:24 下午 [Thread: localhost-startStop-1][ Class:org.springframework.beans.factory.xml.XmlBeanDefinitionReader >> Method: org.springframework.beans.factory.xml.XmlBeanDefinitionReader.loadBeanDefinitions(XmlBeanDefinitionReader.java:317) ]
INFO:Loading XML bean definitions from file [E:\aiwoguaji\target\classes\spring\application-context.xml]
2018-11-05 17:04:24 下午 [Thread: localhost-startStop-1][ Class:org.springframework.beans.factory.xml.XmlBeanDefinitionReader >> Method: org.springframework.beans.factory.xml.XmlBeanDefinitionReader.loadBeanDefinitions(XmlBeanDefinitionReader.java:317) ]
INFO:Loading XML bean definitions from file [E:\aiwoguaji\target\classes\spring\application-service.xml]
2018-11-05 17:04:25 下午 [Thread: localhost-startStop-1][ Class:org.springframework.beans.factory.xml.XmlBeanDefinitionReader >> Method: org.springframework.beans.factory.xml.XmlBeanDefinitionReader.loadBeanDefinitions(XmlBeanDefinitionReader.java:317) ]
INFO:Loading XML bean definitions from file [E:\aiwoguaji\target\classes\spring\application-web.xml]
2018-11-05 17:04:25 下午 [Thread: localhost-startStop-1][ Class:org.springframework.context.support.PropertySourcesPlaceholderConfigurer >> Method: org.springframework.core.io.support.PropertiesLoaderSupport.loadProperties(PropertiesLoaderSupport.java:172) ]
INFO:Loading properties file from class path resource [db.properties]
2018-11-05 17:04:25 下午 [Thread: localhost-startStop-1][ Class:org.springframework.context.support.PropertySourcesPlaceholderConfigurer >> Method: org.springframework.core.io.support.PropertiesLoaderSupport.loadProperties(PropertiesLoaderSupport.java:172) ]
INFO:Loading properties file from class path resource [log4j.properties]
2018-11-05 17:04:27 下午 [Thread: localhost-startStop-1][ Class:org.springframework.web.servlet.handler.SimpleUrlHandlerMapping >> Method: org.springframework.web.servlet.handler.AbstractUrlHandlerMapping.registerHandler(AbstractUrlHandlerMapping.java:314) ]
INFO:Mapped URL path [/**] onto handler 'org.springframework.web.servlet.resource.DefaultServletHttpRequestHandler#0'
2018-11-05 17:04:27 下午 [Thread: localhost-startStop-1][ Class:org.springframework.web.servlet.handler.SimpleUrlHandlerMapping >> Method: org.springframework.web.servlet.handler.AbstractUrlHandlerMapping.registerHandler(AbstractUrlHandlerMapping.java:314) ]
INFO:Mapped URL path [/js/**] onto handler 'org.springframework.web.servlet.resource.ResourceHttpRequestHandler#0'
2018-11-05 17:04:27 下午 [Thread: localhost-startStop-1][ Class:org.springframework.web.servlet.mvc.method.annotation.RequestMappingHandlerMapping >> Method: org.springframework.web.servlet.handler.AbstractHandlerMethodMapping.registerHandlerMethod(AbstractHandlerMethodMapping.java:220) ]
INFO:Mapped "{[/book/getAll],methods=[],params=[],headers=[],consumes=[],produces=[],custom=[]}" onto public org.springframework.web.servlet.ModelAndView com.springMvc.myBatis.controller.BookController.index()
2018-11-05 17:04:27 下午 [Thread: localhost-startStop-1][ Class:org.springframework.web.servlet.mvc.method.annotation.RequestMappingHandlerMapping >> Method: org.springframework.web.servlet.handler.AbstractHandlerMethodMapping.registerHandlerMethod(AbstractHandlerMethodMapping.java:220) ]
INFO:Mapped "{[/book/hello],methods=[],params=[],headers=[],consumes=[],produces=[],custom=[]}" onto public java.lang.String com.springMvc.myBatis.controller.BookController.in()
2018-11-05 17:04:27 下午 [Thread: localhost-startStop-1][ Class:org.springframework.web.servlet.mvc.method.annotation.RequestMappingHandlerMapping >> Method: org.springframework.web.servlet.handler.AbstractHandlerMethodMapping.registerHandlerMethod(AbstractHandlerMethodMapping.java:220) ]
INFO:Mapped "{[/calculate/su],methods=[],params=[],headers=[],consumes=[],produces=[],custom=[]}" onto public void com.springMvc.myBatis.controller.ComputerController.hello(java.lang.String,java.lang.String,javax.servlet.http.HttpServletResponse)
2018-11-05 17:04:27 下午 [Thread: localhost-startStop-1][ Class:org.springframework.web.servlet.mvc.method.annotation.RequestMappingHandlerMapping >> Method: org.springframework.web.servlet.handler.AbstractHandlerMethodMapping.registerHandlerMethod(AbstractHandlerMethodMapping.java:220) ]
INFO:Mapped "{[/calculate/jisuan],methods=[],params=[],headers=[],consumes=[],produces=[],custom=[]}" onto public java.lang.String com.springMvc.myBatis.controller.ComputerController.HE()
2018-11-05 17:04:28 下午 [Thread: localhost-startStop-1][ Class:org.springframework.web.servlet.mvc.method.annotation.RequestMappingHandlerAdapter >> Method: org.springframework.web.servlet.mvc.method.annotation.RequestMappingHandlerAdapter.initControllerAdviceCache(RequestMappingHandlerAdapter.java:518) ]
INFO:Looking for @ControllerAdvice: WebApplicationContext for namespace 'dispatcher-servlet': startup date [Mon Nov 05 17:04:24 CST 2018]; root of context hierarchy
2018-11-05 17:04:28 下午 [Thread: localhost-startStop-1][ Class:org.springframework.web.servlet.mvc.method.annotation.RequestMappingHandlerAdapter >> Method: org.springframework.web.servlet.mvc.method.annotation.RequestMappingHandlerAdapter.initControllerAdviceCache(RequestMappingHandlerAdapter.java:518) ]
INFO:Looking for @ControllerAdvice: WebApplicationContext for namespace 'dispatcher-servlet': startup date [Mon Nov 05 17:04:24 CST 2018]; root of context hierarchy
2018-11-05 17:04:29 下午 [Thread: localhost-startStop-1][ Class:org.springframework.web.servlet.DispatcherServlet >> Method: org.springframework.web.servlet.FrameworkServlet.initServletBean(FrameworkServlet.java:503) ]
INFO:FrameworkServlet 'dispatcher': initialization completed in 5057 ms
2018-11-05 17:07:54 下午 [Thread: localhost-startStop-1][ Class:org.springframework.web.servlet.DispatcherServlet >> Method: org.springframework.web.servlet.FrameworkServlet.initServletBean(FrameworkServlet.java:484) ]
INFO:FrameworkServlet 'dispatcher': initialization started
2018-11-05 17:07:54 下午 [Thread: localhost-startStop-1][ Class:org.springframework.web.context.support.XmlWebApplicationContext >> Method: org.springframework.context.support.AbstractApplicationContext.prepareRefresh(AbstractApplicationContext.java:510) ]
INFO:Refreshing WebApplicationContext for namespace 'dispatcher-servlet': startup date [Mon Nov 05 17:07:54 CST 2018]; root of context hierarchy
2018-11-05 17:07:54 下午 [Thread: localhost-startStop-1][ Class:org.springframework.beans.factory.xml.XmlBeanDefinitionReader >> Method: org.springframework.beans.factory.xml.XmlBeanDefinitionReader.loadBeanDefinitions(XmlBeanDefinitionReader.java:317) ]
INFO:Loading XML bean definitions from file [E:\aiwoguaji\target\classes\spring\application-context.xml]
2018-11-05 17:07:54 下午 [Thread: localhost-startStop-1][ Class:org.springframework.beans.factory.xml.XmlBeanDefinitionReader >> Method: org.springframework.beans.factory.xml.XmlBeanDefinitionReader.loadBeanDefinitions(XmlBeanDefinitionReader.java:317) ]
INFO:Loading XML bean definitions from file [E:\aiwoguaji\target\classes\spring\application-service.xml]
2018-11-05 17:07:55 下午 [Thread: localhost-startStop-1][ Class:org.springframework.beans.factory.xml.XmlBeanDefinitionReader >> Method: org.springframework.beans.factory.xml.XmlBeanDefinitionReader.loadBeanDefinitions(XmlBeanDefinitionReader.java:317) ]
INFO:Loading XML bean definitions from file [E:\aiwoguaji\target\classes\spring\application-web.xml]
2018-11-05 17:07:55 下午 [Thread: localhost-startStop-1][ Class:org.springframework.context.support.PropertySourcesPlaceholderConfigurer >> Method: org.springframework.core.io.support.PropertiesLoaderSupport.loadProperties(PropertiesLoaderSupport.java:172) ]
INFO:Loading properties file from class path resource [db.properties]
2018-11-05 17:07:55 下午 [Thread: localhost-startStop-1][ Class:org.springframework.context.support.PropertySourcesPlaceholderConfigurer >> Method: org.springframework.core.io.support.PropertiesLoaderSupport.loadProperties(PropertiesLoaderSupport.java:172) ]
INFO:Loading properties file from class path resource [log4j.properties]
2018-11-05 17:07:56 下午 [Thread: localhost-startStop-1][ Class:org.springframework.web.servlet.handler.SimpleUrlHandlerMapping >> Method: org.springframework.web.servlet.handler.AbstractUrlHandlerMapping.registerHandler(AbstractUrlHandlerMapping.java:314) ]
INFO:Mapped URL path [/**] onto handler 'org.springframework.web.servlet.resource.DefaultServletHttpRequestHandler#0'
2018-11-05 17:07:56 下午 [Thread: localhost-startStop-1][ Class:org.springframework.web.servlet.handler.SimpleUrlHandlerMapping >> Method: org.springframework.web.servlet.handler.AbstractUrlHandlerMapping.registerHandler(AbstractUrlHandlerMapping.java:314) ]
INFO:Mapped URL path [/js/**] onto handler 'org.springframework.web.servlet.resource.ResourceHttpRequestHandler#0'
2018-11-05 17:07:56 下午 [Thread: localhost-startStop-1][ Class:org.springframework.web.servlet.mvc.method.annotation.RequestMappingHandlerMapping >> Method: org.springframework.web.servlet.handler.AbstractHandlerMethodMapping.registerHandlerMethod(AbstractHandlerMethodMapping.java:220) ]
INFO:Mapped "{[/book/getAll],methods=[],params=[],headers=[],consumes=[],produces=[],custom=[]}" onto public org.springframework.web.servlet.ModelAndView com.springMvc.myBatis.controller.BookController.index()
2018-11-05 17:07:56 下午 [Thread: localhost-startStop-1][ Class:org.springframework.web.servlet.mvc.method.annotation.RequestMappingHandlerMapping >> Method: org.springframework.web.servlet.handler.AbstractHandlerMethodMapping.registerHandlerMethod(AbstractHandlerMethodMapping.java:220) ]
INFO:Mapped "{[/book/hello],methods=[],params=[],headers=[],consumes=[],produces=[],custom=[]}" onto public java.lang.String com.springMvc.myBatis.controller.BookController.in()
2018-11-05 17:07:56 下午 [Thread: localhost-startStop-1][ Class:org.springframework.web.servlet.mvc.method.annotation.RequestMappingHandlerMapping >> Method: org.springframework.web.servlet.handler.AbstractHandlerMethodMapping.registerHandlerMethod(AbstractHandlerMethodMapping.java:220) ]
INFO:Mapped "{[/calculate/jisuan],methods=[],params=[],headers=[],consumes=[],produces=[],custom=[]}" onto public java.lang.String com.springMvc.myBatis.controller.ComputerController.HE()
2018-11-05 17:07:56 下午 [Thread: localhost-startStop-1][ Class:org.springframework.web.servlet.mvc.method.annotation.RequestMappingHandlerMapping >> Method: org.springframework.web.servlet.handler.AbstractHandlerMethodMapping.registerHandlerMethod(AbstractHandlerMethodMapping.java:220) ]
INFO:Mapped "{[/calculate/su],methods=[],params=[],headers=[],consumes=[],produces=[],custom=[]}" onto public void com.springMvc.myBatis.controller.ComputerController.hello(java.lang.String,java.lang.String,javax.servlet.http.HttpServletResponse)
2018-11-05 17:07:56 下午 [Thread: localhost-startStop-1][ Class:org.springframework.web.servlet.mvc.method.annotation.RequestMappingHandlerAdapter >> Method: org.springframework.web.servlet.mvc.method.annotation.RequestMappingHandlerAdapter.initControllerAdviceCache(RequestMappingHandlerAdapter.java:518) ]
INFO:Looking for @ControllerAdvice: WebApplicationContext for namespace 'dispatcher-servlet': startup date [Mon Nov 05 17:07:54 CST 2018]; root of context hierarchy
2018-11-05 17:07:57 下午 [Thread: localhost-startStop-1][ Class:org.springframework.web.servlet.mvc.method.annotation.RequestMappingHandlerAdapter >> Method: org.springframework.web.servlet.mvc.method.annotation.RequestMappingHandlerAdapter.initControllerAdviceCache(RequestMappingHandlerAdapter.java:518) ]
INFO:Looking for @ControllerAdvice: WebApplicationContext for namespace 'dispatcher-servlet': startup date [Mon Nov 05 17:07:54 CST 2018]; root of context hierarchy
2018-11-05 17:07:57 下午 [Thread: localhost-startStop-1][ Class:org.springframework.web.servlet.DispatcherServlet >> Method: org.springframework.web.servlet.FrameworkServlet.initServletBean(FrameworkServlet.java:503) ]
INFO:FrameworkServlet 'dispatcher': initialization completed in 2663 ms
2018-11-05 17:21:59 下午 [Thread: localhost-startStop-1][ Class:org.springframework.web.servlet.DispatcherServlet >> Method: org.springframework.web.servlet.FrameworkServlet.initServletBean(FrameworkServlet.java:484) ]
INFO:FrameworkServlet 'dispatcher': initialization started
2018-11-05 17:21:59 下午 [Thread: localhost-startStop-1][ Class:org.springframework.web.context.support.XmlWebApplicationContext >> Method: org.springframework.context.support.AbstractApplicationContext.prepareRefresh(AbstractApplicationContext.java:510) ]
INFO:Refreshing WebApplicationContext for namespace 'dispatcher-servlet': startup date [Mon Nov 05 17:21:59 CST 2018]; root of context hierarchy
2018-11-05 17:21:59 下午 [Thread: localhost-startStop-1][ Class:org.springframework.beans.factory.xml.XmlBeanDefinitionReader >> Method: org.springframework.beans.factory.xml.XmlBeanDefinitionReader.loadBeanDefinitions(XmlBeanDefinitionReader.java:317) ]
INFO:Loading XML bean definitions from file [E:\aiwoguaji\target\classes\spring\application-context.xml]
2018-11-05 17:21:59 下午 [Thread: localhost-startStop-1][ Class:org.springframework.beans.factory.xml.XmlBeanDefinitionReader >> Method: org.springframework.beans.factory.xml.XmlBeanDefinitionReader.loadBeanDefinitions(XmlBeanDefinitionReader.java:317) ]
INFO:Loading XML bean definitions from file [E:\aiwoguaji\target\classes\spring\application-service.xml]
2018-11-05 17:21:59 下午 [Thread: localhost-startStop-1][ Class:org.springframework.beans.factory.xml.XmlBeanDefinitionReader >> Method: org.springframework.beans.factory.xml.XmlBeanDefinitionReader.loadBeanDefinitions(XmlBeanDefinitionReader.java:317) ]
INFO:Loading XML bean definitions from file [E:\aiwoguaji\target\classes\spring\application-web.xml]
2018-11-05 17:22:00 下午 [Thread: localhost-startStop-1][ Class:org.springframework.context.support.PropertySourcesPlaceholderConfigurer >> Method: org.springframework.core.io.support.PropertiesLoaderSupport.loadProperties(PropertiesLoaderSupport.java:172) ]
INFO:Loading properties file from class path resource [db.properties]
2018-11-05 17:22:00 下午 [Thread: localhost-startStop-1][ Class:org.springframework.context.support.PropertySourcesPlaceholderConfigurer >> Method: org.springframework.core.io.support.PropertiesLoaderSupport.loadProperties(PropertiesLoaderSupport.java:172) ]
INFO:Loading properties file from class path resource [log4j.properties]
2018-11-05 17:22:01 下午 [Thread: localhost-startStop-1][ Class:org.springframework.web.servlet.handler.SimpleUrlHandlerMapping >> Method: org.springframework.web.servlet.handler.AbstractUrlHandlerMapping.registerHandler(AbstractUrlHandlerMapping.java:314) ]
INFO:Mapped URL path [/**] onto handler 'org.springframework.web.servlet.resource.DefaultServletHttpRequestHandler#0'
2018-11-05 17:22:01 下午 [Thread: localhost-startStop-1][ Class:org.springframework.web.servlet.handler.SimpleUrlHandlerMapping >> Method: org.springframework.web.servlet.handler.AbstractUrlHandlerMapping.registerHandler(AbstractUrlHandlerMapping.java:314) ]
INFO:Mapped URL path [/js/**] onto handler 'org.springframework.web.servlet.resource.ResourceHttpRequestHandler#0'
2018-11-05 17:22:01 下午 [Thread: localhost-startStop-1][ Class:org.springframework.web.servlet.mvc.method.annotation.RequestMappingHandlerMapping >> Method: org.springframework.web.servlet.handler.AbstractHandlerMethodMapping.registerHandlerMethod(AbstractHandlerMethodMapping.java:220) ]
INFO:Mapped "{[/book/getAll],methods=[],params=[],headers=[],consumes=[],produces=[],custom=[]}" onto public org.springframework.web.servlet.ModelAndView com.springMvc.myBatis.controller.BookController.index()
2018-11-05 17:22:01 下午 [Thread: localhost-startStop-1][ Class:org.springframework.web.servlet.mvc.method.annotation.RequestMappingHandlerMapping >> Method: org.springframework.web.servlet.handler.AbstractHandlerMethodMapping.registerHandlerMethod(AbstractHandlerMethodMapping.java:220) ]
INFO:Mapped "{[/book/hello],methods=[],params=[],headers=[],consumes=[],produces=[],custom=[]}" onto public java.lang.String com.springMvc.myBatis.controller.BookController.in()
2018-11-05 17:22:01 下午 [Thread: localhost-startStop-1][ Class:org.springframework.web.servlet.mvc.method.annotation.RequestMappingHandlerMapping >> Method: org.springframework.web.servlet.handler.AbstractHandlerMethodMapping.registerHandlerMethod(AbstractHandlerMethodMapping.java:220) ]
INFO:Mapped "{[/calculate/su],methods=[],params=[],headers=[],consumes=[],produces=[],custom=[]}" onto public void com.springMvc.myBatis.controller.ComputerController.hello(java.lang.String,java.lang.String,javax.servlet.http.HttpServletResponse)
2018-11-05 17:22:01 下午 [Thread: localhost-startStop-1][ Class:org.springframework.web.servlet.mvc.method.annotation.RequestMappingHandlerMapping >> Method: org.springframework.web.servlet.handler.AbstractHandlerMethodMapping.registerHandlerMethod(AbstractHandlerMethodMapping.java:220) ]
INFO:Mapped "{[/calculate/jisuan],methods=[],params=[],headers=[],consumes=[],produces=[],custom=[]}" onto public java.lang.String com.springMvc.myBatis.controller.ComputerController.HE()
2018-11-05 17:22:01 下午 [Thread: localhost-startStop-1][ Class:org.springframework.web.servlet.mvc.method.annotation.RequestMappingHandlerAdapter >> Method: org.springframework.web.servlet.mvc.method.annotation.RequestMappingHandlerAdapter.initControllerAdviceCache(RequestMappingHandlerAdapter.java:518) ]
INFO:Looking for @ControllerAdvice: WebApplicationContext for namespace 'dispatcher-servlet': startup date [Mon Nov 05 17:21:59 CST 2018]; root of context hierarchy
2018-11-05 17:22:02 下午 [Thread: localhost-startStop-1][ Class:org.springframework.web.servlet.mvc.method.annotation.RequestMappingHandlerAdapter >> Method: org.springframework.web.servlet.mvc.method.annotation.RequestMappingHandlerAdapter.initControllerAdviceCache(RequestMappingHandlerAdapter.java:518) ]
INFO:Looking for @ControllerAdvice: WebApplicationContext for namespace 'dispatcher-servlet': startup date [Mon Nov 05 17:21:59 CST 2018]; root of context hierarchy
2018-11-05 17:22:02 下午 [Thread: localhost-startStop-1][ Class:org.springframework.web.servlet.DispatcherServlet >> Method: org.springframework.web.servlet.FrameworkServlet.initServletBean(FrameworkServlet.java:503) ]
INFO:FrameworkServlet 'dispatcher': initialization completed in 3018 ms
2018-11-05 17:32:47 下午 [Thread: localhost-startStop-1][ Class:org.springframework.web.servlet.DispatcherServlet >> Method: org.springframework.web.servlet.FrameworkServlet.initServletBean(FrameworkServlet.java:484) ]
INFO:FrameworkServlet 'dispatcher': initialization started
2018-11-05 17:32:47 下午 [Thread: localhost-startStop-1][ Class:org.springframework.web.context.support.XmlWebApplicationContext >> Method: org.springframework.context.support.AbstractApplicationContext.prepareRefresh(AbstractApplicationContext.java:510) ]
INFO:Refreshing WebApplicationContext for namespace 'dispatcher-servlet': startup date [Mon Nov 05 17:32:47 CST 2018]; root of context hierarchy
2018-11-05 17:32:47 下午 [Thread: localhost-startStop-1][ Class:org.springframework.beans.factory.xml.XmlBeanDefinitionReader >> Method: org.springframework.beans.factory.xml.XmlBeanDefinitionReader.loadBeanDefinitions(XmlBeanDefinitionReader.java:317) ]
INFO:Loading XML bean definitions from file [E:\aiwoguaji\target\classes\spring\application-context.xml]
2018-11-05 17:32:48 下午 [Thread: localhost-startStop-1][ Class:org.springframework.beans.factory.xml.XmlBeanDefinitionReader >> Method: org.springframework.beans.factory.xml.XmlBeanDefinitionReader.loadBeanDefinitions(XmlBeanDefinitionReader.java:317) ]
INFO:Loading XML bean definitions from file [E:\aiwoguaji\target\classes\spring\application-service.xml]
2018-11-05 17:32:48 下午 [Thread: localhost-startStop-1][ Class:org.springframework.beans.factory.xml.XmlBeanDefinitionReader >> Method: org.springframework.beans.factory.xml.XmlBeanDefinitionReader.loadBeanDefinitions(XmlBeanDefinitionReader.java:317) ]
INFO:Loading XML bean definitions from file [E:\aiwoguaji\target\classes\spring\application-web.xml]
2018-11-05 17:32:48 下午 [Thread: localhost-startStop-1][ Class:org.springframework.context.support.PropertySourcesPlaceholderConfigurer >> Method: org.springframework.core.io.support.PropertiesLoaderSupport.loadProperties(PropertiesLoaderSupport.java:172) ]
INFO:Loading properties file from class path resource [db.properties]
2018-11-05 17:32:48 下午 [Thread: localhost-startStop-1][ Class:org.springframework.context.support.PropertySourcesPlaceholderConfigurer >> Method: org.springframework.core.io.support.PropertiesLoaderSupport.loadProperties(PropertiesLoaderSupport.java:172) ]
INFO:Loading properties file from class path resource [log4j.properties]
2018-11-05 17:32:50 下午 [Thread: localhost-startStop-1][ Class:org.springframework.web.servlet.handler.SimpleUrlHandlerMapping >> Method: org.springframework.web.servlet.handler.AbstractUrlHandlerMapping.registerHandler(AbstractUrlHandlerMapping.java:314) ]
INFO:Mapped URL path [/**] onto handler 'org.springframework.web.servlet.resource.DefaultServletHttpRequestHandler#0'
2018-11-05 17:32:50 下午 [Thread: localhost-startStop-1][ Class:org.springframework.web.servlet.handler.SimpleUrlHandlerMapping >> Method: org.springframework.web.servlet.handler.AbstractUrlHandlerMapping.registerHandler(AbstractUrlHandlerMapping.java:314) ]
INFO:Mapped URL path [/js/**] onto handler 'org.springframework.web.servlet.resource.ResourceHttpRequestHandler#0'
2018-11-05 17:32:50 下午 [Thread: localhost-startStop-1][ Class:org.springframework.web.servlet.mvc.method.annotation.RequestMappingHandlerMapping >> Method: org.springframework.web.servlet.handler.AbstractHandlerMethodMapping.registerHandlerMethod(AbstractHandlerMethodMapping.java:220) ]
INFO:Mapped "{[/book/getAll],methods=[],params=[],headers=[],consumes=[],produces=[],custom=[]}" onto public org.springframework.web.servlet.ModelAndView com.springMvc.myBatis.controller.BookController.index()
2018-11-05 17:32:50 下午 [Thread: localhost-startStop-1][ Class:org.springframework.web.servlet.mvc.method.annotation.RequestMappingHandlerMapping >> Method: org.springframework.web.servlet.handler.AbstractHandlerMethodMapping.registerHandlerMethod(AbstractHandlerMethodMapping.java:220) ]
INFO:Mapped "{[/book/hello],methods=[],params=[],headers=[],consumes=[],produces=[],custom=[]}" onto public java.lang.String com.springMvc.myBatis.controller.BookController.in()
2018-11-05 17:32:50 下午 [Thread: localhost-startStop-1][ Class:org.springframework.web.servlet.mvc.method.annotation.RequestMappingHandlerMapping >> Method: org.springframework.web.servlet.handler.AbstractHandlerMethodMapping.registerHandlerMethod(AbstractHandlerMethodMapping.java:220) ]
INFO:Mapped "{[/calculate/su],methods=[],params=[],headers=[],consumes=[],produces=[],custom=[]}" onto public void com.springMvc.myBatis.controller.ComputerController.hello(java.lang.String,java.lang.String,javax.servlet.http.HttpServletResponse)
2018-11-05 17:32:50 下午 [Thread: localhost-startStop-1][ Class:org.springframework.web.servlet.mvc.method.annotation.RequestMappingHandlerMapping >> Method: org.springframework.web.servlet.handler.AbstractHandlerMethodMapping.registerHandlerMethod(AbstractHandlerMethodMapping.java:220) ]
INFO:Mapped "{[/calculate/jisuan],methods=[],params=[],headers=[],consumes=[],produces=[],custom=[]}" onto public java.lang.String com.springMvc.myBatis.controller.ComputerController.HE()
2018-11-05 17:32:50 下午 [Thread: localhost-startStop-1][ Class:org.springframework.web.servlet.mvc.method.annotation.RequestMappingHandlerAdapter >> Method: org.springframework.web.servlet.mvc.method.annotation.RequestMappingHandlerAdapter.initControllerAdviceCache(RequestMappingHandlerAdapter.java:518) ]
INFO:Looking for @ControllerAdvice: WebApplicationContext for namespace 'dispatcher-servlet': startup date [Mon Nov 05 17:32:47 CST 2018]; root of context hierarchy
2018-11-05 17:32:50 下午 [Thread: localhost-startStop-1][ Class:org.springframework.web.servlet.mvc.method.annotation.RequestMappingHandlerAdapter >> Method: org.springframework.web.servlet.mvc.method.annotation.RequestMappingHandlerAdapter.initControllerAdviceCache(RequestMappingHandlerAdapter.java:518) ]
INFO:Looking for @ControllerAdvice: WebApplicationContext for namespace 'dispatcher-servlet': startup date [Mon Nov 05 17:32:47 CST 2018]; root of context hierarchy
2018-11-05 17:32:51 下午 [Thread: localhost-startStop-1][ Class:org.springframework.web.servlet.DispatcherServlet >> Method: org.springframework.web.servlet.FrameworkServlet.initServletBean(FrameworkServlet.java:503) ]
INFO:FrameworkServlet 'dispatcher': initialization completed in 3241 ms
2018-11-05 17:34:08 下午 [Thread: localhost-startStop-1][ Class:org.springframework.web.servlet.DispatcherServlet >> Method: org.springframework.web.servlet.FrameworkServlet.initServletBean(FrameworkServlet.java:484) ]
INFO:FrameworkServlet 'dispatcher': initialization started
2018-11-05 17:34:08 下午 [Thread: localhost-startStop-1][ Class:org.springframework.web.context.support.XmlWebApplicationContext >> Method: org.springframework.context.support.AbstractApplicationContext.prepareRefresh(AbstractApplicationContext.java:510) ]
INFO:Refreshing WebApplicationContext for namespace 'dispatcher-servlet': startup date [Mon Nov 05 17:34:08 CST 2018]; root of context hierarchy
2018-11-05 17:34:08 下午 [Thread: localhost-startStop-1][ Class:org.springframework.beans.factory.xml.XmlBeanDefinitionReader >> Method: org.springframework.beans.factory.xml.XmlBeanDefinitionReader.loadBeanDefinitions(XmlBeanDefinitionReader.java:317) ]
INFO:Loading XML bean definitions from file [E:\aiwoguaji\target\classes\spring\application-context.xml]
2018-11-05 17:34:08 下午 [Thread: localhost-startStop-1][ Class:org.springframework.beans.factory.xml.XmlBeanDefinitionReader >> Method: org.springframework.beans.factory.xml.XmlBeanDefinitionReader.loadBeanDefinitions(XmlBeanDefinitionReader.java:317) ]
INFO:Loading XML bean definitions from file [E:\aiwoguaji\target\classes\spring\application-service.xml]
2018-11-05 17:34:08 下午 [Thread: localhost-startStop-1][ Class:org.springframework.beans.factory.xml.XmlBeanDefinitionReader >> Method: org.springframework.beans.factory.xml.XmlBeanDefinitionReader.loadBeanDefinitions(XmlBeanDefinitionReader.java:317) ]
INFO:Loading XML bean definitions from file [E:\aiwoguaji\target\classes\spring\application-web.xml]
2018-11-05 17:34:09 下午 [Thread: localhost-startStop-1][ Class:org.springframework.context.support.PropertySourcesPlaceholderConfigurer >> Method: org.springframework.core.io.support.PropertiesLoaderSupport.loadProperties(PropertiesLoaderSupport.java:172) ]
INFO:Loading properties file from class path resource [db.properties]
2018-11-05 17:34:09 下午 [Thread: localhost-startStop-1][ Class:org.springframework.context.support.PropertySourcesPlaceholderConfigurer >> Method: org.springframework.core.io.support.PropertiesLoaderSupport.loadProperties(PropertiesLoaderSupport.java:172) ]
INFO:Loading properties file from class path resource [log4j.properties]
2018-11-05 17:34:10 下午 [Thread: localhost-startStop-1][ Class:org.springframework.web.servlet.handler.SimpleUrlHandlerMapping >> Method: org.springframework.web.servlet.handler.AbstractUrlHandlerMapping.registerHandler(AbstractUrlHandlerMapping.java:314) ]
INFO:Mapped URL path [/**] onto handler 'org.springframework.web.servlet.resource.DefaultServletHttpRequestHandler#0'
2018-11-05 17:34:10 下午 [Thread: localhost-startStop-1][ Class:org.springframework.web.servlet.handler.SimpleUrlHandlerMapping >> Method: org.springframework.web.servlet.handler.AbstractUrlHandlerMapping.registerHandler(AbstractUrlHandlerMapping.java:314) ]
INFO:Mapped URL path [/js/**] onto handler 'org.springframework.web.servlet.resource.ResourceHttpRequestHandler#0'
2018-11-05 17:34:10 下午 [Thread: localhost-startStop-1][ Class:org.springframework.web.servlet.mvc.method.annotation.RequestMappingHandlerMapping >> Method: org.springframework.web.servlet.handler.AbstractHandlerMethodMapping.registerHandlerMethod(AbstractHandlerMethodMapping.java:220) ]
INFO:Mapped "{[/book/getAll],methods=[],params=[],headers=[],consumes=[],produces=[],custom=[]}" onto public org.springframework.web.servlet.ModelAndView com.springMvc.myBatis.controller.BookController.index()
2018-11-05 17:34:10 下午 [Thread: localhost-startStop-1][ Class:org.springframework.web.servlet.mvc.method.annotation.RequestMappingHandlerMapping >> Method: org.springframework.web.servlet.handler.AbstractHandlerMethodMapping.registerHandlerMethod(AbstractHandlerMethodMapping.java:220) ]
INFO:Mapped "{[/book/hello],methods=[],params=[],headers=[],consumes=[],produces=[],custom=[]}" onto public java.lang.String com.springMvc.myBatis.controller.BookController.in()
2018-11-05 17:34:10 下午 [Thread: localhost-startStop-1][ Class:org.springframework.web.servlet.mvc.method.annotation.RequestMappingHandlerMapping >> Method: org.springframework.web.servlet.handler.AbstractHandlerMethodMapping.registerHandlerMethod(AbstractHandlerMethodMapping.java:220) ]
INFO:Mapped "{[/calculate/su],methods=[],params=[],headers=[],consumes=[],produces=[],custom=[]}" onto public void com.springMvc.myBatis.controller.ComputerController.hello(java.lang.String,java.lang.String,javax.servlet.http.HttpServletResponse)
2018-11-05 17:34:10 下午 [Thread: localhost-startStop-1][ Class:org.springframework.web.servlet.mvc.method.annotation.RequestMappingHandlerMapping >> Method: org.springframework.web.servlet.handler.AbstractHandlerMethodMapping.registerHandlerMethod(AbstractHandlerMethodMapping.java:220) ]
INFO:Mapped "{[/calculate/jisuan],methods=[],params=[],headers=[],consumes=[],produces=[],custom=[]}" onto public java.lang.String com.springMvc.myBatis.controller.ComputerController.HE()
2018-11-05 17:34:11 下午 [Thread: localhost-startStop-1][ Class:org.springframework.web.servlet.mvc.method.annotation.RequestMappingHandlerAdapter >> Method: org.springframework.web.servlet.mvc.method.annotation.RequestMappingHandlerAdapter.initControllerAdviceCache(RequestMappingHandlerAdapter.java:518) ]
INFO:Looking for @ControllerAdvice: WebApplicationContext for namespace 'dispatcher-servlet': startup date [Mon Nov 05 17:34:08 CST 2018]; root of context hierarchy
2018-11-05 17:34:11 下午 [Thread: localhost-startStop-1][ Class:org.springframework.web.servlet.mvc.method.annotation.RequestMappingHandlerAdapter >> Method: org.springframework.web.servlet.mvc.method.annotation.RequestMappingHandlerAdapter.initControllerAdviceCache(RequestMappingHandlerAdapter.java:518) ]
INFO:Looking for @ControllerAdvice: WebApplicationContext for namespace 'dispatcher-servlet': startup date [Mon Nov 05 17:34:08 CST 2018]; root of context hierarchy
2018-11-05 17:34:11 下午 [Thread: localhost-startStop-1][ Class:org.springframework.web.servlet.DispatcherServlet >> Method: org.springframework.web.servlet.FrameworkServlet.initServletBean(FrameworkServlet.java:503) ]
INFO:FrameworkServlet 'dispatcher': initialization completed in 3002 ms
2018-11-05 17:35:53 下午 [Thread: localhost-startStop-1][ Class:org.springframework.web.servlet.DispatcherServlet >> Method: org.springframework.web.servlet.FrameworkServlet.initServletBean(FrameworkServlet.java:484) ]
INFO:FrameworkServlet 'dispatcher': initialization started
2018-11-05 17:35:53 下午 [Thread: localhost-startStop-1][ Class:org.springframework.web.context.support.XmlWebApplicationContext >> Method: org.springframework.context.support.AbstractApplicationContext.prepareRefresh(AbstractApplicationContext.java:510) ]
INFO:Refreshing WebApplicationContext for namespace 'dispatcher-servlet': startup date [Mon Nov 05 17:35:53 CST 2018]; root of context hierarchy
2018-11-05 17:35:53 下午 [Thread: localhost-startStop-1][ Class:org.springframework.beans.factory.xml.XmlBeanDefinitionReader >> Method: org.springframework.beans.factory.xml.XmlBeanDefinitionReader.loadBeanDefinitions(XmlBeanDefinitionReader.java:317) ]
INFO:Loading XML bean definitions from file [E:\aiwoguaji\target\classes\spring\application-context.xml]
2018-11-05 17:35:54 下午 [Thread: localhost-startStop-1][ Class:org.springframework.beans.factory.xml.XmlBeanDefinitionReader >> Method: org.springframework.beans.factory.xml.XmlBeanDefinitionReader.loadBeanDefinitions(XmlBeanDefinitionReader.java:317) ]
INFO:Loading XML bean definitions from file [E:\aiwoguaji\target\classes\spring\application-service.xml]
2018-11-05 17:35:54 下午 [Thread: localhost-startStop-1][ Class:org.springframework.beans.factory.xml.XmlBeanDefinitionReader >> Method: org.springframework.beans.factory.xml.XmlBeanDefinitionReader.loadBeanDefinitions(XmlBeanDefinitionReader.java:317) ]
INFO:Loading XML bean definitions from file [E:\aiwoguaji\target\classes\spring\application-web.xml]
2018-11-05 17:35:54 下午 [Thread: localhost-startStop-1][ Class:org.springframework.context.support.PropertySourcesPlaceholderConfigurer >> Method: org.springframework.core.io.support.PropertiesLoaderSupport.loadProperties(PropertiesLoaderSupport.java:172) ]
INFO:Loading properties file from class path resource [db.properties]
2018-11-05 17:35:54 下午 [Thread: localhost-startStop-1][ Class:org.springframework.context.support.PropertySourcesPlaceholderConfigurer >> Method: org.springframework.core.io.support.PropertiesLoaderSupport.loadProperties(PropertiesLoaderSupport.java:172) ]
INFO:Loading properties file from class path resource [log4j.properties]
2018-11-05 17:35:56 下午 [Thread: localhost-startStop-1][ Class:org.springframework.web.servlet.handler.SimpleUrlHandlerMapping >> Method: org.springframework.web.servlet.handler.AbstractUrlHandlerMapping.registerHandler(AbstractUrlHandlerMapping.java:314) ]
INFO:Mapped URL path [/**] onto handler 'org.springframework.web.servlet.resource.DefaultServletHttpRequestHandler#0'
2018-11-05 17:35:56 下午 [Thread: localhost-startStop-1][ Class:org.springframework.web.servlet.handler.SimpleUrlHandlerMapping >> Method: org.springframework.web.servlet.handler.AbstractUrlHandlerMapping.registerHandler(AbstractUrlHandlerMapping.java:314) ]
INFO:Mapped URL path [/js/**] onto handler 'org.springframework.web.servlet.resource.ResourceHttpRequestHandler#0'
2018-11-05 17:35:56 下午 [Thread: localhost-startStop-1][ Class:org.springframework.web.servlet.mvc.method.annotation.RequestMappingHandlerMapping >> Method: org.springframework.web.servlet.handler.AbstractHandlerMethodMapping.registerHandlerMethod(AbstractHandlerMethodMapping.java:220) ]
INFO:Mapped "{[/book/getAll],methods=[],params=[],headers=[],consumes=[],produces=[],custom=[]}" onto public org.springframework.web.servlet.ModelAndView com.springMvc.myBatis.controller.BookController.index()
2018-11-05 17:35:56 下午 [Thread: localhost-startStop-1][ Class:org.springframework.web.servlet.mvc.method.annotation.RequestMappingHandlerMapping >> Method: org.springframework.web.servlet.handler.AbstractHandlerMethodMapping.registerHandlerMethod(AbstractHandlerMethodMapping.java:220) ]
INFO:Mapped "{[/book/hello],methods=[],params=[],headers=[],consumes=[],produces=[],custom=[]}" onto public java.lang.String com.springMvc.myBatis.controller.BookController.in()
2018-11-05 17:35:56 下午 [Thread: localhost-startStop-1][ Class:org.springframework.web.servlet.mvc.method.annotation.RequestMappingHandlerMapping >> Method: org.springframework.web.servlet.handler.AbstractHandlerMethodMapping.registerHandlerMethod(AbstractHandlerMethodMapping.java:220) ]
INFO:Mapped "{[/calculate/jisuan],methods=[],params=[],headers=[],consumes=[],produces=[],custom=[]}" onto public java.lang.String com.springMvc.myBatis.controller.ComputerController.HE()
2018-11-05 17:35:56 下午 [Thread: localhost-startStop-1][ Class:org.springframework.web.servlet.mvc.method.annotation.RequestMappingHandlerMapping >> Method: org.springframework.web.servlet.handler.AbstractHandlerMethodMapping.registerHandlerMethod(AbstractHandlerMethodMapping.java:220) ]
INFO:Mapped "{[/calculate/su],methods=[],params=[],headers=[],consumes=[],produces=[],custom=[]}" onto public void com.springMvc.myBatis.controller.ComputerController.hello(java.lang.String,java.lang.String,javax.servlet.http.HttpServletResponse)
2018-11-05 17:35:57 下午 [Thread: localhost-startStop-1][ Class:org.springframework.web.servlet.mvc.method.annotation.RequestMappingHandlerAdapter >> Method: org.springframework.web.servlet.mvc.method.annotation.RequestMappingHandlerAdapter.initControllerAdviceCache(RequestMappingHandlerAdapter.java:518) ]
INFO:Looking for @ControllerAdvice: WebApplicationContext for namespace 'dispatcher-servlet': startup date [Mon Nov 05 17:35:53 CST 2018]; root of context hierarchy
2018-11-05 17:35:57 下午 [Thread: localhost-startStop-1][ Class:org.springframework.web.servlet.mvc.method.annotation.RequestMappingHandlerAdapter >> Method: org.springframework.web.servlet.mvc.method.annotation.RequestMappingHandlerAdapter.initControllerAdviceCache(RequestMappingHandlerAdapter.java:518) ]
INFO:Looking for @ControllerAdvice: WebApplicationContext for namespace 'dispatcher-servlet': startup date [Mon Nov 05 17:35:53 CST 2018]; root of context hierarchy
2018-11-05 17:35:57 下午 [Thread: localhost-startStop-1][ Class:org.springframework.web.servlet.DispatcherServlet >> Method: org.springframework.web.servlet.FrameworkServlet.initServletBean(FrameworkServlet.java:503) ]
INFO:FrameworkServlet 'dispatcher': initialization completed in 3810 ms
2018-11-05 17:39:02 下午 [Thread: localhost-startStop-1][ Class:org.springframework.web.servlet.DispatcherServlet >> Method: org.springframework.web.servlet.FrameworkServlet.initServletBean(FrameworkServlet.java:484) ]
INFO:FrameworkServlet 'dispatcher': initialization started
2018-11-05 17:39:02 下午 [Thread: localhost-startStop-1][ Class:org.springframework.web.context.support.XmlWebApplicationContext >> Method: org.springframework.context.support.AbstractApplicationContext.prepareRefresh(AbstractApplicationContext.java:510) ]
INFO:Refreshing WebApplicationContext for namespace 'dispatcher-servlet': startup date [Mon Nov 05 17:39:02 CST 2018]; root of context hierarchy
2018-11-05 17:39:02 下午 [Thread: localhost-startStop-1][ Class:org.springframework.beans.factory.xml.XmlBeanDefinitionReader >> Method: org.springframework.beans.factory.xml.XmlBeanDefinitionReader.loadBeanDefinitions(XmlBeanDefinitionReader.java:317) ]
INFO:Loading XML bean definitions from file [E:\aiwoguaji\target\classes\spring\application-context.xml]
2018-11-05 17:39:02 下午 [Thread: localhost-startStop-1][ Class:org.springframework.beans.factory.xml.XmlBeanDefinitionReader >> Method: org.springframework.beans.factory.xml.XmlBeanDefinitionReader.loadBeanDefinitions(XmlBeanDefinitionReader.java:317) ]
INFO:Loading XML bean definitions from file [E:\aiwoguaji\target\classes\spring\application-service.xml]
2018-11-05 17:39:02 下午 [Thread: localhost-startStop-1][ Class:org.springframework.beans.factory.xml.XmlBeanDefinitionReader >> Method: org.springframework.beans.factory.xml.XmlBeanDefinitionReader.loadBeanDefinitions(XmlBeanDefinitionReader.java:317) ]
INFO:Loading XML bean definitions from file [E:\aiwoguaji\target\classes\spring\application-web.xml]
2018-11-05 17:39:03 下午 [Thread: localhost-startStop-1][ Class:org.springframework.context.support.PropertySourcesPlaceholderConfigurer >> Method: org.springframework.core.io.support.PropertiesLoaderSupport.loadProperties(PropertiesLoaderSupport.java:172) ]
INFO:Loading properties file from class path resource [db.properties]
2018-11-05 17:39:03 下午 [Thread: localhost-startStop-1][ Class:org.springframework.context.support.PropertySourcesPlaceholderConfigurer >> Method: org.springframework.core.io.support.PropertiesLoaderSupport.loadProperties(PropertiesLoaderSupport.java:172) ]
INFO:Loading properties file from class path resource [log4j.properties]
2018-11-05 17:39:04 下午 [Thread: localhost-startStop-1][ Class:org.springframework.web.servlet.handler.SimpleUrlHandlerMapping >> Method: org.springframework.web.servlet.handler.AbstractUrlHandlerMapping.registerHandler(AbstractUrlHandlerMapping.java:314) ]
INFO:Mapped URL path [/**] onto handler 'org.springframework.web.servlet.resource.DefaultServletHttpRequestHandler#0'
2018-11-05 17:39:05 下午 [Thread: localhost-startStop-1][ Class:org.springframework.web.servlet.handler.SimpleUrlHandlerMapping >> Method: org.springframework.web.servlet.handler.AbstractUrlHandlerMapping.registerHandler(AbstractUrlHandlerMapping.java:314) ]
INFO:Mapped URL path [/js/**] onto handler 'org.springframework.web.servlet.resource.ResourceHttpRequestHandler#0'
2018-11-05 17:39:05 下午 [Thread: localhost-startStop-1][ Class:org.springframework.web.servlet.mvc.method.annotation.RequestMappingHandlerMapping >> Method: org.springframework.web.servlet.handler.AbstractHandlerMethodMapping.registerHandlerMethod(AbstractHandlerMethodMapping.java:220) ]
INFO:Mapped "{[/book/getAll],methods=[],params=[],headers=[],consumes=[],produces=[],custom=[]}" onto public org.springframework.web.servlet.ModelAndView com.springMvc.myBatis.controller.BookController.index()
2018-11-05 17:39:05 下午 [Thread: localhost-startStop-1][ Class:org.springframework.web.servlet.mvc.method.annotation.RequestMappingHandlerMapping >> Method: org.springframework.web.servlet.handler.AbstractHandlerMethodMapping.registerHandlerMethod(AbstractHandlerMethodMapping.java:220) ]
INFO:Mapped "{[/book/hello],methods=[],params=[],headers=[],consumes=[],produces=[],custom=[]}" onto public java.lang.String com.springMvc.myBatis.controller.BookController.in()
2018-11-05 17:39:05 下午 [Thread: localhost-startStop-1][ Class:org.springframework.web.servlet.mvc.method.annotation.RequestMappingHandlerMapping >> Method: org.springframework.web.servlet.handler.AbstractHandlerMethodMapping.registerHandlerMethod(AbstractHandlerMethodMapping.java:220) ]
INFO:Mapped "{[/calculate/su],methods=[],params=[],headers=[],consumes=[],produces=[],custom=[]}" onto public void com.springMvc.myBatis.controller.ComputerController.hello(java.lang.String,java.lang.String,javax.servlet.http.HttpServletResponse)
2018-11-05 17:39:05 下午 [Thread: localhost-startStop-1][ Class:org.springframework.web.servlet.mvc.method.annotation.RequestMappingHandlerMapping >> Method: org.springframework.web.servlet.handler.AbstractHandlerMethodMapping.registerHandlerMethod(AbstractHandlerMethodMapping.java:220) ]
INFO:Mapped "{[/calculate/jisuan],methods=[],params=[],headers=[],consumes=[],produces=[],custom=[]}" onto public java.lang.String com.springMvc.myBatis.controller.ComputerController.HE()
2018-11-05 17:39:05 下午 [Thread: localhost-startStop-1][ Class:org.springframework.web.servlet.mvc.method.annotation.RequestMappingHandlerAdapter >> Method: org.springframework.web.servlet.mvc.method.annotation.RequestMappingHandlerAdapter.initControllerAdviceCache(RequestMappingHandlerAdapter.java:518) ]
INFO:Looking for @ControllerAdvice: WebApplicationContext for namespace 'dispatcher-servlet': startup date [Mon Nov 05 17:39:02 CST 2018]; root of context hierarchy
2018-11-05 17:39:05 下午 [Thread: localhost-startStop-1][ Class:org.springframework.web.servlet.mvc.method.annotation.RequestMappingHandlerAdapter >> Method: org.springframework.web.servlet.mvc.method.annotation.RequestMappingHandlerAdapter.initControllerAdviceCache(RequestMappingHandlerAdapter.java:518) ]
INFO:Looking for @ControllerAdvice: WebApplicationContext for namespace 'dispatcher-servlet': startup date [Mon Nov 05 17:39:02 CST 2018]; root of context hierarchy
2018-11-05 17:39:05 下午 [Thread: localhost-startStop-1][ Class:org.springframework.web.servlet.DispatcherServlet >> Method: org.springframework.web.servlet.FrameworkServlet.initServletBean(FrameworkServlet.java:503) ]
INFO:FrameworkServlet 'dispatcher': initialization completed in 3365 ms
2018-11-05 17:43:25 下午 [Thread: localhost-startStop-1][ Class:org.springframework.web.servlet.DispatcherServlet >> Method: org.springframework.web.servlet.FrameworkServlet.initServletBean(FrameworkServlet.java:484) ]
INFO:FrameworkServlet 'dispatcher': initialization started
2018-11-05 17:43:25 下午 [Thread: localhost-startStop-1][ Class:org.springframework.web.context.support.XmlWebApplicationContext >> Method: org.springframework.context.support.AbstractApplicationContext.prepareRefresh(AbstractApplicationContext.java:510) ]
INFO:Refreshing WebApplicationContext for namespace 'dispatcher-servlet': startup date [Mon Nov 05 17:43:25 CST 2018]; root of context hierarchy
2018-11-05 17:43:25 下午 [Thread: localhost-startStop-1][ Class:org.springframework.beans.factory.xml.XmlBeanDefinitionReader >> Method: org.springframework.beans.factory.xml.XmlBeanDefinitionReader.loadBeanDefinitions(XmlBeanDefinitionReader.java:317) ]
INFO:Loading XML bean definitions from file [E:\aiwoguaji\target\classes\spring\application-context.xml]
2018-11-05 17:43:25 下午 [Thread: localhost-startStop-1][ Class:org.springframework.beans.factory.xml.XmlBeanDefinitionReader >> Method: org.springframework.beans.factory.xml.XmlBeanDefinitionReader.loadBeanDefinitions(XmlBeanDefinitionReader.java:317) ]
INFO:Loading XML bean definitions from file [E:\aiwoguaji\target\classes\spring\application-service.xml]
2018-11-05 17:43:26 下午 [Thread: localhost-startStop-1][ Class:org.springframework.beans.factory.xml.XmlBeanDefinitionReader >> Method: org.springframework.beans.factory.xml.XmlBeanDefinitionReader.loadBeanDefinitions(XmlBeanDefinitionReader.java:317) ]
INFO:Loading XML bean definitions from file [E:\aiwoguaji\target\classes\spring\application-web.xml]
2018-11-05 17:43:26 下午 [Thread: localhost-startStop-1][ Class:org.springframework.context.support.PropertySourcesPlaceholderConfigurer >> Method: org.springframework.core.io.support.PropertiesLoaderSupport.loadProperties(PropertiesLoaderSupport.java:172) ]
INFO:Loading properties file from class path resource [db.properties]
2018-11-05 17:43:26 下午 [Thread: localhost-startStop-1][ Class:org.springframework.context.support.PropertySourcesPlaceholderConfigurer >> Method: org.springframework.core.io.support.PropertiesLoaderSupport.loadProperties(PropertiesLoaderSupport.java:172) ]
INFO:Loading properties file from class path resource [log4j.properties]
2018-11-05 17:43:27 下午 [Thread: localhost-startStop-1][ Class:org.springframework.web.servlet.handler.SimpleUrlHandlerMapping >> Method: org.springframework.web.servlet.handler.AbstractUrlHandlerMapping.registerHandler(AbstractUrlHandlerMapping.java:314) ]
INFO:Mapped URL path [/**] onto handler 'org.springframework.web.servlet.resource.DefaultServletHttpRequestHandler#0'
2018-11-05 17:43:28 下午 [Thread: localhost-startStop-1][ Class:org.springframework.web.servlet.handler.SimpleUrlHandlerMapping >> Method: org.springframework.web.servlet.handler.AbstractUrlHandlerMapping.registerHandler(AbstractUrlHandlerMapping.java:314) ]
INFO:Mapped URL path [/js/**] onto handler 'org.springframework.web.servlet.resource.ResourceHttpRequestHandler#0'
2018-11-05 17:43:28 下午 [Thread: localhost-startStop-1][ Class:org.springframework.web.servlet.mvc.method.annotation.RequestMappingHandlerMapping >> Method: org.springframework.web.servlet.handler.AbstractHandlerMethodMapping.registerHandlerMethod(AbstractHandlerMethodMapping.java:220) ]
INFO:Mapped "{[/book/getAll],methods=[],params=[],headers=[],consumes=[],produces=[],custom=[]}" onto public org.springframework.web.servlet.ModelAndView com.springMvc.myBatis.controller.BookController.index()
2018-11-05 17:43:28 下午 [Thread: localhost-startStop-1][ Class:org.springframework.web.servlet.mvc.method.annotation.RequestMappingHandlerMapping >> Method: org.springframework.web.servlet.handler.AbstractHandlerMethodMapping.registerHandlerMethod(AbstractHandlerMethodMapping.java:220) ]
INFO:Mapped "{[/book/hello],methods=[],params=[],headers=[],consumes=[],produces=[],custom=[]}" onto public java.lang.String com.springMvc.myBatis.controller.BookController.in()
2018-11-05 17:43:28 下午 [Thread: localhost-startStop-1][ Class:org.springframework.web.servlet.mvc.method.annotation.RequestMappingHandlerMapping >> Method: org.springframework.web.servlet.handler.AbstractHandlerMethodMapping.registerHandlerMethod(AbstractHandlerMethodMapping.java:220) ]
INFO:Mapped "{[/calculate/jisuan],methods=[],params=[],headers=[],consumes=[],produces=[],custom=[]}" onto public java.lang.String com.springMvc.myBatis.controller.ComputerController.HE()
2018-11-05 17:43:28 下午 [Thread: localhost-startStop-1][ Class:org.springframework.web.servlet.mvc.method.annotation.RequestMappingHandlerMapping >> Method: org.springframework.web.servlet.handler.AbstractHandlerMethodMapping.registerHandlerMethod(AbstractHandlerMethodMapping.java:220) ]
INFO:Mapped "{[/calculate/su],methods=[],params=[],headers=[],consumes=[],produces=[],custom=[]}" onto public void com.springMvc.myBatis.controller.ComputerController.hello(java.lang.String,java.lang.String,javax.servlet.http.HttpServletResponse)
2018-11-05 17:43:28 下午 [Thread: localhost-startStop-1][ Class:org.springframework.web.servlet.mvc.method.annotation.RequestMappingHandlerAdapter >> Method: org.springframework.web.servlet.mvc.method.annotation.RequestMappingHandlerAdapter.initControllerAdviceCache(RequestMappingHandlerAdapter.java:518) ]
INFO:Looking for @ControllerAdvice: WebApplicationContext for namespace 'dispatcher-servlet': startup date [Mon Nov 05 17:43:25 CST 2018]; root of context hierarchy
2018-11-05 17:43:28 下午 [Thread: localhost-startStop-1][ Class:org.springframework.web.servlet.mvc.method.annotation.RequestMappingHandlerAdapter >> Method: org.springframework.web.servlet.mvc.method.annotation.RequestMappingHandlerAdapter.initControllerAdviceCache(RequestMappingHandlerAdapter.java:518) ]
INFO:Looking for @ControllerAdvice: WebApplicationContext for namespace 'dispatcher-servlet': startup date [Mon Nov 05 17:43:25 CST 2018]; root of context hierarchy
2018-11-05 17:43:28 下午 [Thread: localhost-startStop-1][ Class:org.springframework.web.servlet.DispatcherServlet >> Method: org.springframework.web.servlet.FrameworkServlet.initServletBean(FrameworkServlet.java:503) ]
INFO:FrameworkServlet 'dispatcher': initialization completed in 3136 ms
2018-11-05 17:44:11 下午 [Thread: localhost-startStop-1][ Class:org.springframework.web.servlet.DispatcherServlet >> Method: org.springframework.web.servlet.FrameworkServlet.initServletBean(FrameworkServlet.java:484) ]
INFO:FrameworkServlet 'dispatcher': initialization started
2018-11-05 17:44:11 下午 [Thread: localhost-startStop-1][ Class:org.springframework.web.context.support.XmlWebApplicationContext >> Method: org.springframework.context.support.AbstractApplicationContext.prepareRefresh(AbstractApplicationContext.java:510) ]
INFO:Refreshing WebApplicationContext for namespace 'dispatcher-servlet': startup date [Mon Nov 05 17:44:11 CST 2018]; root of context hierarchy
2018-11-05 17:44:11 下午 [Thread: localhost-startStop-1][ Class:org.springframework.beans.factory.xml.XmlBeanDefinitionReader >> Method: org.springframework.beans.factory.xml.XmlBeanDefinitionReader.loadBeanDefinitions(XmlBeanDefinitionReader.java:317) ]
INFO:Loading XML bean definitions from file [E:\aiwoguaji\target\classes\spring\application-context.xml]
2018-11-05 17:44:11 下午 [Thread: localhost-startStop-1][ Class:org.springframework.beans.factory.xml.XmlBeanDefinitionReader >> Method: org.springframework.beans.factory.xml.XmlBeanDefinitionReader.loadBeanDefinitions(XmlBeanDefinitionReader.java:317) ]
INFO:Loading XML bean definitions from file [E:\aiwoguaji\target\classes\spring\application-service.xml]
2018-11-05 17:44:12 下午 [Thread: localhost-startStop-1][ Class:org.springframework.beans.factory.xml.XmlBeanDefinitionReader >> Method: org.springframework.beans.factory.xml.XmlBeanDefinitionReader.loadBeanDefinitions(XmlBeanDefinitionReader.java:317) ]
INFO:Loading XML bean definitions from file [E:\aiwoguaji\target\classes\spring\application-web.xml]
2018-11-05 17:44:12 下午 [Thread: localhost-startStop-1][ Class:org.springframework.context.support.PropertySourcesPlaceholderConfigurer >> Method: org.springframework.core.io.support.PropertiesLoaderSupport.loadProperties(PropertiesLoaderSupport.java:172) ]
INFO:Loading properties file from class path resource [db.properties]
2018-11-05 17:44:12 下午 [Thread: localhost-startStop-1][ Class:org.springframework.context.support.PropertySourcesPlaceholderConfigurer >> Method: org.springframework.core.io.support.PropertiesLoaderSupport.loadProperties(PropertiesLoaderSupport.java:172) ]
INFO:Loading properties file from class path resource [log4j.properties]
2018-11-05 17:44:14 下午 [Thread: localhost-startStop-1][ Class:org.springframework.web.servlet.handler.SimpleUrlHandlerMapping >> Method: org.springframework.web.servlet.handler.AbstractUrlHandlerMapping.registerHandler(AbstractUrlHandlerMapping.java:314) ]
INFO:Mapped URL path [/**] onto handler 'org.springframework.web.servlet.resource.DefaultServletHttpRequestHandler#0'
2018-11-05 17:44:14 下午 [Thread: localhost-startStop-1][ Class:org.springframework.web.servlet.handler.SimpleUrlHandlerMapping >> Method: org.springframework.web.servlet.handler.AbstractUrlHandlerMapping.registerHandler(AbstractUrlHandlerMapping.java:314) ]
INFO:Mapped URL path [/js/**] onto handler 'org.springframework.web.servlet.resource.ResourceHttpRequestHandler#0'
2018-11-05 17:44:14 下午 [Thread: localhost-startStop-1][ Class:org.springframework.web.servlet.mvc.method.annotation.RequestMappingHandlerMapping >> Method: org.springframework.web.servlet.handler.AbstractHandlerMethodMapping.registerHandlerMethod(AbstractHandlerMethodMapping.java:220) ]
INFO:Mapped "{[/book/getAll],methods=[],params=[],headers=[],consumes=[],produces=[],custom=[]}" onto public org.springframework.web.servlet.ModelAndView com.springMvc.myBatis.controller.BookController.index()
2018-11-05 17:44:14 下午 [Thread: localhost-startStop-1][ Class:org.springframework.web.servlet.mvc.method.annotation.RequestMappingHandlerMapping >> Method: org.springframework.web.servlet.handler.AbstractHandlerMethodMapping.registerHandlerMethod(AbstractHandlerMethodMapping.java:220) ]
INFO:Mapped "{[/book/hello],methods=[],params=[],headers=[],consumes=[],produces=[],custom=[]}" onto public java.lang.String com.springMvc.myBatis.controller.BookController.in()
2018-11-05 17:44:14 下午 [Thread: localhost-startStop-1][ Class:org.springframework.web.servlet.mvc.method.annotation.RequestMappingHandlerMapping >> Method: org.springframework.web.servlet.handler.AbstractHandlerMethodMapping.registerHandlerMethod(AbstractHandlerMethodMapping.java:220) ]
INFO:Mapped "{[/calculate/jisuan],methods=[],params=[],headers=[],consumes=[],produces=[],custom=[]}" onto public java.lang.String com.springMvc.myBatis.controller.ComputerController.HE()
2018-11-05 17:44:14 下午 [Thread: localhost-startStop-1][ Class:org.springframework.web.servlet.mvc.method.annotation.RequestMappingHandlerMapping >> Method: org.springframework.web.servlet.handler.AbstractHandlerMethodMapping.registerHandlerMethod(AbstractHandlerMethodMapping.java:220) ]
INFO:Mapped "{[/calculate/su],methods=[],params=[],headers=[],consumes=[],produces=[],custom=[]}" onto public void com.springMvc.myBatis.controller.ComputerController.hello(java.lang.String,java.lang.String,javax.servlet.http.HttpServletResponse)
2018-11-05 17:44:14 下午 [Thread: localhost-startStop-1][ Class:org.springframework.web.servlet.mvc.method.annotation.RequestMappingHandlerAdapter >> Method: org.springframework.web.servlet.mvc.method.annotation.RequestMappingHandlerAdapter.initControllerAdviceCache(RequestMappingHandlerAdapter.java:518) ]
INFO:Looking for @ControllerAdvice: WebApplicationContext for namespace 'dispatcher-servlet': startup date [Mon Nov 05 17:44:11 CST 2018]; root of context hierarchy
2018-11-05 17:44:14 下午 [Thread: localhost-startStop-1][ Class:org.springframework.web.servlet.mvc.method.annotation.RequestMappingHandlerAdapter >> Method: org.springframework.web.servlet.mvc.method.annotation.RequestMappingHandlerAdapter.initControllerAdviceCache(RequestMappingHandlerAdapter.java:518) ]
INFO:Looking for @ControllerAdvice: WebApplicationContext for namespace 'dispatcher-servlet': startup date [Mon Nov 05 17:44:11 CST 2018]; root of context hierarchy
2018-11-05 17:44:14 下午 [Thread: localhost-startStop-1][ Class:org.springframework.web.servlet.DispatcherServlet >> Method: org.springframework.web.servlet.FrameworkServlet.initServletBean(FrameworkServlet.java:503) ]
INFO:FrameworkServlet 'dispatcher': initialization completed in 3082 ms
