2018-10-24 14:19:43 下午 [Thread: localhost-startStop-1][ Class:org.springframework.web.servlet.DispatcherServlet >> Method: org.springframework.web.servlet.FrameworkServlet.initServletBean(FrameworkServlet.java:484) ]
INFO:FrameworkServlet 'dispatcher': initialization started
2018-10-24 14:19:43 下午 [Thread: localhost-startStop-1][ Class:org.springframework.web.context.support.XmlWebApplicationContext >> Method: org.springframework.context.support.AbstractApplicationContext.prepareRefresh(AbstractApplicationContext.java:510) ]
INFO:Refreshing WebApplicationContext for namespace 'dispatcher-servlet': startup date [Wed Oct 24 14:19:43 CST 2018]; root of context hierarchy
2018-10-24 14:19:43 下午 [Thread: localhost-startStop-1][ Class:org.springframework.beans.factory.xml.XmlBeanDefinitionReader >> Method: org.springframework.beans.factory.xml.XmlBeanDefinitionReader.loadBeanDefinitions(XmlBeanDefinitionReader.java:317) ]
INFO:Loading XML bean definitions from file [E:\aiwoguaji\target\classes\spring\application-context.xml]
2018-10-24 14:19:44 下午 [Thread: localhost-startStop-1][ Class:org.springframework.beans.factory.xml.XmlBeanDefinitionReader >> Method: org.springframework.beans.factory.xml.XmlBeanDefinitionReader.loadBeanDefinitions(XmlBeanDefinitionReader.java:317) ]
INFO:Loading XML bean definitions from file [E:\aiwoguaji\target\classes\spring\application-service.xml]
2018-10-24 14:19:44 下午 [Thread: localhost-startStop-1][ Class:org.springframework.beans.factory.xml.XmlBeanDefinitionReader >> Method: org.springframework.beans.factory.xml.XmlBeanDefinitionReader.loadBeanDefinitions(XmlBeanDefinitionReader.java:317) ]
INFO:Loading XML bean definitions from file [E:\aiwoguaji\target\classes\spring\application-web.xml]
2018-10-24 14:19:44 下午 [Thread: localhost-startStop-1][ Class:org.springframework.context.support.PropertySourcesPlaceholderConfigurer >> Method: org.springframework.core.io.support.PropertiesLoaderSupport.loadProperties(PropertiesLoaderSupport.java:172) ]
INFO:Loading properties file from class path resource [db.properties]
2018-10-24 14:19:44 下午 [Thread: localhost-startStop-1][ Class:org.springframework.context.support.PropertySourcesPlaceholderConfigurer >> Method: org.springframework.core.io.support.PropertiesLoaderSupport.loadProperties(PropertiesLoaderSupport.java:172) ]
INFO:Loading properties file from class path resource [log4j.properties]
2018-10-24 14:19:46 下午 [Thread: localhost-startStop-1][ Class:org.springframework.web.servlet.handler.SimpleUrlHandlerMapping >> Method: org.springframework.web.servlet.handler.AbstractUrlHandlerMapping.registerHandler(AbstractUrlHandlerMapping.java:314) ]
INFO:Mapped URL path [/**] onto handler 'org.springframework.web.servlet.resource.DefaultServletHttpRequestHandler#0'
2018-10-24 14:19:46 下午 [Thread: localhost-startStop-1][ Class:org.springframework.web.servlet.handler.SimpleUrlHandlerMapping >> Method: org.springframework.web.servlet.handler.AbstractUrlHandlerMapping.registerHandler(AbstractUrlHandlerMapping.java:314) ]
INFO:Mapped URL path [/js/**] onto handler 'org.springframework.web.servlet.resource.ResourceHttpRequestHandler#0'
2018-10-24 14:19:46 下午 [Thread: localhost-startStop-1][ Class:org.springframework.web.servlet.mvc.method.annotation.RequestMappingHandlerMapping >> Method: org.springframework.web.servlet.handler.AbstractHandlerMethodMapping.registerHandlerMethod(AbstractHandlerMethodMapping.java:220) ]
INFO:Mapped "{[/book/getAll],methods=[],params=[],headers=[],consumes=[],produces=[],custom=[]}" onto public org.springframework.web.servlet.ModelAndView com.springMvc.myBatis.controller.BookController.index()
2018-10-24 14:19:46 下午 [Thread: localhost-startStop-1][ Class:org.springframework.web.servlet.mvc.method.annotation.RequestMappingHandlerMapping >> Method: org.springframework.web.servlet.handler.AbstractHandlerMethodMapping.registerHandlerMethod(AbstractHandlerMethodMapping.java:220) ]
INFO:Mapped "{[/book/hello],methods=[],params=[],headers=[],consumes=[],produces=[],custom=[]}" onto public java.lang.String com.springMvc.myBatis.controller.BookController.in()
2018-10-24 14:19:46 下午 [Thread: localhost-startStop-1][ Class:org.springframework.web.servlet.mvc.method.annotation.RequestMappingHandlerMapping >> Method: org.springframework.web.servlet.handler.AbstractHandlerMethodMapping.registerHandlerMethod(AbstractHandlerMethodMapping.java:220) ]
INFO:Mapped "{[/calculate/su],methods=[],params=[],headers=[],consumes=[],produces=[],custom=[]}" onto public void com.springMvc.myBatis.controller.ComputerController.hello(java.lang.String,java.lang.String,javax.servlet.http.HttpServletResponse)
2018-10-24 14:19:46 下午 [Thread: localhost-startStop-1][ Class:org.springframework.web.servlet.mvc.method.annotation.RequestMappingHandlerMapping >> Method: org.springframework.web.servlet.handler.AbstractHandlerMethodMapping.registerHandlerMethod(AbstractHandlerMethodMapping.java:220) ]
INFO:Mapped "{[/calculate/jisuan],methods=[],params=[],headers=[],consumes=[],produces=[],custom=[]}" onto public java.lang.String com.springMvc.myBatis.controller.ComputerController.HE()
2018-10-24 14:19:46 下午 [Thread: localhost-startStop-1][ Class:org.springframework.web.servlet.mvc.method.annotation.RequestMappingHandlerAdapter >> Method: org.springframework.web.servlet.mvc.method.annotation.RequestMappingHandlerAdapter.initControllerAdviceCache(RequestMappingHandlerAdapter.java:518) ]
INFO:Looking for @ControllerAdvice: WebApplicationContext for namespace 'dispatcher-servlet': startup date [Wed Oct 24 14:19:43 CST 2018]; root of context hierarchy
2018-10-24 14:19:46 下午 [Thread: localhost-startStop-1][ Class:org.springframework.web.servlet.mvc.method.annotation.RequestMappingHandlerAdapter >> Method: org.springframework.web.servlet.mvc.method.annotation.RequestMappingHandlerAdapter.initControllerAdviceCache(RequestMappingHandlerAdapter.java:518) ]
INFO:Looking for @ControllerAdvice: WebApplicationContext for namespace 'dispatcher-servlet': startup date [Wed Oct 24 14:19:43 CST 2018]; root of context hierarchy
2018-10-24 14:19:47 下午 [Thread: localhost-startStop-1][ Class:org.springframework.web.servlet.DispatcherServlet >> Method: org.springframework.web.servlet.FrameworkServlet.initServletBean(FrameworkServlet.java:503) ]
INFO:FrameworkServlet 'dispatcher': initialization completed in 3317 ms
2018-10-24 15:07:04 下午 [Thread: localhost-startStop-1][ Class:org.springframework.web.servlet.DispatcherServlet >> Method: org.springframework.web.servlet.FrameworkServlet.initServletBean(FrameworkServlet.java:484) ]
INFO:FrameworkServlet 'dispatcher': initialization started
2018-10-24 15:07:04 下午 [Thread: localhost-startStop-1][ Class:org.springframework.web.context.support.XmlWebApplicationContext >> Method: org.springframework.context.support.AbstractApplicationContext.prepareRefresh(AbstractApplicationContext.java:510) ]
INFO:Refreshing WebApplicationContext for namespace 'dispatcher-servlet': startup date [Wed Oct 24 15:07:04 CST 2018]; root of context hierarchy
2018-10-24 15:07:05 下午 [Thread: localhost-startStop-1][ Class:org.springframework.beans.factory.xml.XmlBeanDefinitionReader >> Method: org.springframework.beans.factory.xml.XmlBeanDefinitionReader.loadBeanDefinitions(XmlBeanDefinitionReader.java:317) ]
INFO:Loading XML bean definitions from file [E:\aiwoguaji\target\classes\spring\application-context.xml]
2018-10-24 15:07:05 下午 [Thread: localhost-startStop-1][ Class:org.springframework.beans.factory.xml.XmlBeanDefinitionReader >> Method: org.springframework.beans.factory.xml.XmlBeanDefinitionReader.loadBeanDefinitions(XmlBeanDefinitionReader.java:317) ]
INFO:Loading XML bean definitions from file [E:\aiwoguaji\target\classes\spring\application-service.xml]
2018-10-24 15:07:05 下午 [Thread: localhost-startStop-1][ Class:org.springframework.beans.factory.xml.XmlBeanDefinitionReader >> Method: org.springframework.beans.factory.xml.XmlBeanDefinitionReader.loadBeanDefinitions(XmlBeanDefinitionReader.java:317) ]
INFO:Loading XML bean definitions from file [E:\aiwoguaji\target\classes\spring\application-web.xml]
2018-10-24 15:07:05 下午 [Thread: localhost-startStop-1][ Class:org.springframework.context.support.PropertySourcesPlaceholderConfigurer >> Method: org.springframework.core.io.support.PropertiesLoaderSupport.loadProperties(PropertiesLoaderSupport.java:172) ]
INFO:Loading properties file from class path resource [db.properties]
2018-10-24 15:07:05 下午 [Thread: localhost-startStop-1][ Class:org.springframework.context.support.PropertySourcesPlaceholderConfigurer >> Method: org.springframework.core.io.support.PropertiesLoaderSupport.loadProperties(PropertiesLoaderSupport.java:172) ]
INFO:Loading properties file from class path resource [log4j.properties]
2018-10-24 15:07:07 下午 [Thread: localhost-startStop-1][ Class:org.springframework.web.servlet.handler.SimpleUrlHandlerMapping >> Method: org.springframework.web.servlet.handler.AbstractUrlHandlerMapping.registerHandler(AbstractUrlHandlerMapping.java:314) ]
INFO:Mapped URL path [/**] onto handler 'org.springframework.web.servlet.resource.DefaultServletHttpRequestHandler#0'
2018-10-24 15:07:07 下午 [Thread: localhost-startStop-1][ Class:org.springframework.web.servlet.handler.SimpleUrlHandlerMapping >> Method: org.springframework.web.servlet.handler.AbstractUrlHandlerMapping.registerHandler(AbstractUrlHandlerMapping.java:314) ]
INFO:Mapped URL path [/js/**] onto handler 'org.springframework.web.servlet.resource.ResourceHttpRequestHandler#0'
2018-10-24 15:07:07 下午 [Thread: localhost-startStop-1][ Class:org.springframework.web.servlet.mvc.method.annotation.RequestMappingHandlerMapping >> Method: org.springframework.web.servlet.handler.AbstractHandlerMethodMapping.registerHandlerMethod(AbstractHandlerMethodMapping.java:220) ]
INFO:Mapped "{[/book/getAll],methods=[],params=[],headers=[],consumes=[],produces=[],custom=[]}" onto public org.springframework.web.servlet.ModelAndView com.springMvc.myBatis.controller.BookController.index()
2018-10-24 15:07:07 下午 [Thread: localhost-startStop-1][ Class:org.springframework.web.servlet.mvc.method.annotation.RequestMappingHandlerMapping >> Method: org.springframework.web.servlet.handler.AbstractHandlerMethodMapping.registerHandlerMethod(AbstractHandlerMethodMapping.java:220) ]
INFO:Mapped "{[/book/hello],methods=[],params=[],headers=[],consumes=[],produces=[],custom=[]}" onto public java.lang.String com.springMvc.myBatis.controller.BookController.in()
2018-10-24 15:07:07 下午 [Thread: localhost-startStop-1][ Class:org.springframework.web.servlet.mvc.method.annotation.RequestMappingHandlerMapping >> Method: org.springframework.web.servlet.handler.AbstractHandlerMethodMapping.registerHandlerMethod(AbstractHandlerMethodMapping.java:220) ]
INFO:Mapped "{[/calculate/su],methods=[],params=[],headers=[],consumes=[],produces=[],custom=[]}" onto public void com.springMvc.myBatis.controller.ComputerController.hello(java.lang.String,java.lang.String,javax.servlet.http.HttpServletResponse)
2018-10-24 15:07:07 下午 [Thread: localhost-startStop-1][ Class:org.springframework.web.servlet.mvc.method.annotation.RequestMappingHandlerMapping >> Method: org.springframework.web.servlet.handler.AbstractHandlerMethodMapping.registerHandlerMethod(AbstractHandlerMethodMapping.java:220) ]
INFO:Mapped "{[/calculate/jisuan],methods=[],params=[],headers=[],consumes=[],produces=[],custom=[]}" onto public java.lang.String com.springMvc.myBatis.controller.ComputerController.HE()
2018-10-24 15:07:07 下午 [Thread: localhost-startStop-1][ Class:org.springframework.web.servlet.mvc.method.annotation.RequestMappingHandlerAdapter >> Method: org.springframework.web.servlet.mvc.method.annotation.RequestMappingHandlerAdapter.initControllerAdviceCache(RequestMappingHandlerAdapter.java:518) ]
INFO:Looking for @ControllerAdvice: WebApplicationContext for namespace 'dispatcher-servlet': startup date [Wed Oct 24 15:07:04 CST 2018]; root of context hierarchy
2018-10-24 15:07:07 下午 [Thread: localhost-startStop-1][ Class:org.springframework.web.servlet.mvc.method.annotation.RequestMappingHandlerAdapter >> Method: org.springframework.web.servlet.mvc.method.annotation.RequestMappingHandlerAdapter.initControllerAdviceCache(RequestMappingHandlerAdapter.java:518) ]
INFO:Looking for @ControllerAdvice: WebApplicationContext for namespace 'dispatcher-servlet': startup date [Wed Oct 24 15:07:04 CST 2018]; root of context hierarchy
2018-10-24 15:07:08 下午 [Thread: localhost-startStop-1][ Class:org.springframework.web.servlet.DispatcherServlet >> Method: org.springframework.web.servlet.FrameworkServlet.initServletBean(FrameworkServlet.java:503) ]
INFO:FrameworkServlet 'dispatcher': initialization completed in 3059 ms
